<?xml version="1.0" encoding="UTF-8"?>
<testng-results ignored="0" total="7" passed="7" failed="0" skipped="0">
  <reporter-output>
  </reporter-output>
  <suite started-at="2025-01-20T16:18:53 IST" name="Default Suite" finished-at="2025-01-20T16:22:07 IST" duration-ms="194363">
    <groups>
      <group name="cucumber">
        <method signature="AbstractTestNGCucumberTests.runScenario(io.cucumber.testng.PickleWrapper,io.cucumber.testng.FeatureWrapper)[pri:0, instance:com.sgtesting.DriverScript.Driverscripts@2ea227af]" name="runScenario" class="io.cucumber.testng.AbstractTestNGCucumberTests"/>
      </group> <!-- cucumber -->
    </groups>
    <test started-at="2025-01-20T16:18:53 IST" name="Framework1" finished-at="2025-01-20T16:22:07 IST" duration-ms="194363">
      <class name="com.sgtesting.DriverScript.Driverscripts">
        <test-method is-config="true" signature="setUpClass(org.testng.ITestContext)[pri:0, instance:com.sgtesting.DriverScript.Driverscripts@2ea227af]" started-at="2025-01-20T16:18:53 IST" name="setUpClass" finished-at="2025-01-20T16:18:54 IST" duration-ms="803" status="PASS">
          <params>
            <param index="0">
              <value>
                <![CDATA[org.testng.TestRunner@6bee793f]]>
              </value>
            </param>
          </params>
          <reporter-output>
          </reporter-output>
        </test-method> <!-- setUpClass -->
        <test-method signature="runScenario(io.cucumber.testng.PickleWrapper,io.cucumber.testng.FeatureWrapper)[pri:0, instance:com.sgtesting.DriverScript.Driverscripts@2ea227af]" started-at="2025-01-20T16:18:54 IST" name="runScenario" description="Runs Cucumber Scenarios" data-provider="scenarios" finished-at="2025-01-20T16:19:32 IST" duration-ms="38610" status="PASS">
          <params>
            <param index="0">
              <value>
                <![CDATA["verify create new project and new customer and customer delete functionality"]]>
              </value>
            </param>
            <param index="1">
              <value>
                <![CDATA["Create the new Project new Customer  functionality"]]>
              </value>
            </param>
          </params>
          <reporter-output>
          </reporter-output>
        </test-method> <!-- runScenario -->
        <test-method signature="runScenario(io.cucumber.testng.PickleWrapper,io.cucumber.testng.FeatureWrapper)[pri:0, instance:com.sgtesting.DriverScript.Driverscripts@2ea227af]" started-at="2025-01-20T16:19:32 IST" name="runScenario" description="Runs Cucumber Scenarios" data-provider="scenarios" finished-at="2025-01-20T16:19:56 IST" duration-ms="23339" status="PASS">
          <params>
            <param index="0">
              <value>
                <![CDATA["Verify Create User  Functionality"]]>
              </value>
            </param>
            <param index="1">
              <value>
                <![CDATA["Verify login,logout and Create User Functionality"]]>
              </value>
            </param>
          </params>
          <reporter-output>
          </reporter-output>
        </test-method> <!-- runScenario -->
        <test-method signature="runScenario(io.cucumber.testng.PickleWrapper,io.cucumber.testng.FeatureWrapper)[pri:0, instance:com.sgtesting.DriverScript.Driverscripts@2ea227af]" started-at="2025-01-20T16:19:56 IST" name="runScenario" description="Runs Cucumber Scenarios" data-provider="scenarios" finished-at="2025-01-20T16:20:26 IST" duration-ms="30280" status="PASS">
          <params>
            <param index="0">
              <value>
                <![CDATA["verify create user functionality"]]>
              </value>
            </param>
            <param index="1">
              <value>
                <![CDATA["Create the customer functionality"]]>
              </value>
            </param>
          </params>
          <reporter-output>
          </reporter-output>
        </test-method> <!-- runScenario -->
        <test-method signature="runScenario(io.cucumber.testng.PickleWrapper,io.cucumber.testng.FeatureWrapper)[pri:0, instance:com.sgtesting.DriverScript.Driverscripts@2ea227af]" started-at="2025-01-20T16:20:26 IST" name="runScenario" description="Runs Cucumber Scenarios" data-provider="scenarios" finished-at="2025-01-20T16:20:38 IST" duration-ms="11691" status="PASS">
          <params>
            <param index="0">
              <value>
                <![CDATA["Verify LoginlogoutFunctionality"]]>
              </value>
            </param>
            <param index="1">
              <value>
                <![CDATA["login logout Functionality"]]>
              </value>
            </param>
          </params>
          <reporter-output>
          </reporter-output>
        </test-method> <!-- runScenario -->
        <test-method signature="runScenario(io.cucumber.testng.PickleWrapper,io.cucumber.testng.FeatureWrapper)[pri:0, instance:com.sgtesting.DriverScript.Driverscripts@2ea227af]" started-at="2025-01-20T16:20:38 IST" name="runScenario" description="Runs Cucumber Scenarios" data-provider="scenarios" finished-at="2025-01-20T16:21:04 IST" duration-ms="26212" status="PASS">
          <params>
            <param index="0">
              <value>
                <![CDATA["Verify Create User  Functionality"]]>
              </value>
            </param>
            <param index="1">
              <value>
                <![CDATA["Verify login,logout and Create User Functionality"]]>
              </value>
            </param>
          </params>
          <reporter-output>
          </reporter-output>
        </test-method> <!-- runScenario -->
        <test-method signature="runScenario(io.cucumber.testng.PickleWrapper,io.cucumber.testng.FeatureWrapper)[pri:0, instance:com.sgtesting.DriverScript.Driverscripts@2ea227af]" started-at="2025-01-20T16:21:04 IST" name="runScenario" description="Runs Cucumber Scenarios" data-provider="scenarios" finished-at="2025-01-20T16:21:36 IST" duration-ms="32118" status="PASS">
          <params>
            <param index="0">
              <value>
                <![CDATA["verify create user modification functionality"]]>
              </value>
            </param>
            <param index="1">
              <value>
                <![CDATA["Create the modify customer and functionality"]]>
              </value>
            </param>
          </params>
          <reporter-output>
          </reporter-output>
        </test-method> <!-- runScenario -->
        <test-method signature="runScenario(io.cucumber.testng.PickleWrapper,io.cucumber.testng.FeatureWrapper)[pri:0, instance:com.sgtesting.DriverScript.Driverscripts@2ea227af]" started-at="2025-01-20T16:21:36 IST" name="runScenario" description="Runs Cucumber Scenarios" data-provider="scenarios" finished-at="2025-01-20T16:22:07 IST" duration-ms="31166" status="PASS">
          <params>
            <param index="0">
              <value>
                <![CDATA["verify new customer modification and new customer delete functionality"]]>
              </value>
            </param>
            <param index="1">
              <value>
                <![CDATA["modify the new Customer Project and delete customer customer Project  functionality"]]>
              </value>
            </param>
          </params>
          <reporter-output>
          </reporter-output>
        </test-method> <!-- runScenario -->
        <test-method is-config="true" signature="tearDownClass()[pri:0, instance:com.sgtesting.DriverScript.Driverscripts@2ea227af]" started-at="2025-01-20T16:22:07 IST" name="tearDownClass" finished-at="2025-01-20T16:22:07 IST" duration-ms="5" status="PASS">
          <reporter-output>
          </reporter-output>
        </test-method> <!-- tearDownClass -->
      </class> <!-- com.sgtesting.DriverScript.Driverscripts -->
    </test> <!-- Framework1 -->
  </suite> <!-- Default Suite -->
</testng-results>
